     # | IN       | AS             | PC       | A        | B        | SP       |
--------------------------------------------------------------------------------
     1 | 00100000 | ldc 4096       | 00000000 | 00000000 | 00000000 | 0000270f |
     2 | 0000000b | a2sp           | 00000001 | 00001000 | 00000000 | 0000270f |
     3 | fffffb0a | adj -5         | 00000002 | 00000000 | 00000000 | 00001000 |
     4 | 00002600 | ldc 38         | 00000003 | 00000000 | 00000000 | 00000ffb |
     5 | 00000004 | ldnl 0         | 00000004 | 00000026 | 00000000 | 00000ffb |
     6 | 00000203 | stl 2          | 00000005 | 00000006 | 00000000 | 00000ffb |
     7 | 00000100 | ldc 1          | 00000006 | 00000000 | 00000000 | 00000ffb |
     8 | 00000003 | stl 0          | 00000007 | 00000001 | 00000000 | 00000ffb |
     9 | 00000200 | ldc 2          | 00000008 | 00000000 | 00000000 | 00000ffb |
    10 | 00000103 | stl 1          | 00000009 | 00000002 | 00000000 | 00000ffb |
    11 | 00000202 | ldl 2          | 0000000a | 00000000 | 00000000 | 00000ffb |
    12 | 00000102 | ldl 1          | 0000000b | 00000006 | 00000000 | 00000ffb |
    13 | 00000007 | sub            | 0000000c | 00000002 | 00000006 | 00000ffb |
    14 | 00001410 | brlz 20        | 0000000d | 00000004 | 00000006 | 00000ffb |
    15 | 00000000 | ldc 0          | 0000000e | 00000004 | 00000006 | 00000ffb |
    16 | 00000303 | stl 3          | 0000000f | 00000000 | 00000004 | 00000ffb |
    17 | 00000102 | ldl 1          | 00000010 | 00000004 | 00000004 | 00000ffb |
    18 | 00000403 | stl 4          | 00000011 | 00000002 | 00000004 | 00000ffb |
    19 | 00000402 | ldl 4          | 00000012 | 00000004 | 00000004 | 00000ffb |
    20 | 0000080f | brz 8          | 00000013 | 00000002 | 00000004 | 00000ffb |
    21 | 00000002 | ldl 0          | 00000014 | 00000002 | 00000004 | 00000ffb |
    22 | 00000302 | ldl 3          | 00000015 | 00000001 | 00000002 | 00000ffb |
    23 | 00000006 | add            | 00000016 | 00000000 | 00000001 | 00000ffb |
    24 | 00000303 | stl 3          | 00000017 | 00000001 | 00000001 | 00000ffb |
    25 | 00000402 | ldl 4          | 00000018 | 00000001 | 00000001 | 00000ffb |
    26 | ffffff01 | adc -1         | 00000019 | 00000002 | 00000001 | 00000ffb |
    27 | 00000403 | stl 4          | 0000001a | 00000001 | 00000001 | 00000ffb |
    28 | fffff611 | br -10         | 0000001b | 00000001 | 00000001 | 00000ffb |
    29 | 00000402 | ldl 4          | 00000012 | 00000001 | 00000001 | 00000ffb |
    30 | 0000080f | brz 8          | 00000013 | 00000001 | 00000001 | 00000ffb |
    31 | 00000002 | ldl 0          | 00000014 | 00000001 | 00000001 | 00000ffb |
    32 | 00000302 | ldl 3          | 00000015 | 00000001 | 00000001 | 00000ffb |
    33 | 00000006 | add            | 00000016 | 00000001 | 00000001 | 00000ffb |
    34 | 00000303 | stl 3          | 00000017 | 00000002 | 00000001 | 00000ffb |
    35 | 00000402 | ldl 4          | 00000018 | 00000001 | 00000001 | 00000ffb |
    36 | ffffff01 | adc -1         | 00000019 | 00000001 | 00000001 | 00000ffb |
    37 | 00000403 | stl 4          | 0000001a | 00000000 | 00000001 | 00000ffb |
    38 | fffff611 | br -10         | 0000001b | 00000001 | 00000001 | 00000ffb |
    39 | 00000402 | ldl 4          | 00000012 | 00000001 | 00000001 | 00000ffb |
    40 | 0000080f | brz 8          | 00000013 | 00000000 | 00000001 | 00000ffb |
    41 | 00000302 | ldl 3          | 0000001c | 00000000 | 00000001 | 00000ffb |
    42 | 00000003 | stl 0          | 0000001d | 00000002 | 00000000 | 00000ffb |
    43 | 00000102 | ldl 1          | 0000001e | 00000000 | 00000000 | 00000ffb |
    44 | 00000101 | adc 1          | 0000001f | 00000002 | 00000000 | 00000ffb |
    45 | 00000103 | stl 1          | 00000020 | 00000003 | 00000000 | 00000ffb |
    46 | ffffe811 | br -24         | 00000021 | 00000000 | 00000000 | 00000ffb |
    47 | 00000202 | ldl 2          | 0000000a | 00000000 | 00000000 | 00000ffb |
    48 | 00000102 | ldl 1          | 0000000b | 00000006 | 00000000 | 00000ffb |
    49 | 00000007 | sub            | 0000000c | 00000003 | 00000006 | 00000ffb |
    50 | 00001410 | brlz 20        | 0000000d | 00000003 | 00000006 | 00000ffb |
    51 | 00000000 | ldc 0          | 0000000e | 00000003 | 00000006 | 00000ffb |
    52 | 00000303 | stl 3          | 0000000f | 00000000 | 00000003 | 00000ffb |
    53 | 00000102 | ldl 1          | 00000010 | 00000003 | 00000003 | 00000ffb |
    54 | 00000403 | stl 4          | 00000011 | 00000003 | 00000003 | 00000ffb |
    55 | 00000402 | ldl 4          | 00000012 | 00000003 | 00000003 | 00000ffb |
    56 | 0000080f | brz 8          | 00000013 | 00000003 | 00000003 | 00000ffb |
    57 | 00000002 | ldl 0          | 00000014 | 00000003 | 00000003 | 00000ffb |
    58 | 00000302 | ldl 3          | 00000015 | 00000002 | 00000003 | 00000ffb |
    59 | 00000006 | add            | 00000016 | 00000000 | 00000002 | 00000ffb |
    60 | 00000303 | stl 3          | 00000017 | 00000002 | 00000002 | 00000ffb |
    61 | 00000402 | ldl 4          | 00000018 | 00000002 | 00000002 | 00000ffb |
    62 | ffffff01 | adc -1         | 00000019 | 00000003 | 00000002 | 00000ffb |
    63 | 00000403 | stl 4          | 0000001a | 00000002 | 00000002 | 00000ffb |
    64 | fffff611 | br -10         | 0000001b | 00000002 | 00000002 | 00000ffb |
    65 | 00000402 | ldl 4          | 00000012 | 00000002 | 00000002 | 00000ffb |
    66 | 0000080f | brz 8          | 00000013 | 00000002 | 00000002 | 00000ffb |
    67 | 00000002 | ldl 0          | 00000014 | 00000002 | 00000002 | 00000ffb |
    68 | 00000302 | ldl 3          | 00000015 | 00000002 | 00000002 | 00000ffb |
    69 | 00000006 | add            | 00000016 | 00000002 | 00000002 | 00000ffb |
    70 | 00000303 | stl 3          | 00000017 | 00000004 | 00000002 | 00000ffb |
    71 | 00000402 | ldl 4          | 00000018 | 00000002 | 00000002 | 00000ffb |
    72 | ffffff01 | adc -1         | 00000019 | 00000002 | 00000002 | 00000ffb |
    73 | 00000403 | stl 4          | 0000001a | 00000001 | 00000002 | 00000ffb |
    74 | fffff611 | br -10         | 0000001b | 00000002 | 00000002 | 00000ffb |
    75 | 00000402 | ldl 4          | 00000012 | 00000002 | 00000002 | 00000ffb |
    76 | 0000080f | brz 8          | 00000013 | 00000001 | 00000002 | 00000ffb |
    77 | 00000002 | ldl 0          | 00000014 | 00000001 | 00000002 | 00000ffb |
    78 | 00000302 | ldl 3          | 00000015 | 00000002 | 00000001 | 00000ffb |
    79 | 00000006 | add            | 00000016 | 00000004 | 00000002 | 00000ffb |
    80 | 00000303 | stl 3          | 00000017 | 00000006 | 00000002 | 00000ffb |
    81 | 00000402 | ldl 4          | 00000018 | 00000002 | 00000002 | 00000ffb |
    82 | ffffff01 | adc -1         | 00000019 | 00000001 | 00000002 | 00000ffb |
    83 | 00000403 | stl 4          | 0000001a | 00000000 | 00000002 | 00000ffb |
    84 | fffff611 | br -10         | 0000001b | 00000002 | 00000002 | 00000ffb |
    85 | 00000402 | ldl 4          | 00000012 | 00000002 | 00000002 | 00000ffb |
    86 | 0000080f | brz 8          | 00000013 | 00000000 | 00000002 | 00000ffb |
    87 | 00000302 | ldl 3          | 0000001c | 00000000 | 00000002 | 00000ffb |
    88 | 00000003 | stl 0          | 0000001d | 00000006 | 00000000 | 00000ffb |
    89 | 00000102 | ldl 1          | 0000001e | 00000000 | 00000000 | 00000ffb |
    90 | 00000101 | adc 1          | 0000001f | 00000003 | 00000000 | 00000ffb |
    91 | 00000103 | stl 1          | 00000020 | 00000004 | 00000000 | 00000ffb |
    92 | ffffe811 | br -24         | 00000021 | 00000000 | 00000000 | 00000ffb |
    93 | 00000202 | ldl 2          | 0000000a | 00000000 | 00000000 | 00000ffb |
    94 | 00000102 | ldl 1          | 0000000b | 00000006 | 00000000 | 00000ffb |
    95 | 00000007 | sub            | 0000000c | 00000004 | 00000006 | 00000ffb |
    96 | 00001410 | brlz 20        | 0000000d | 00000002 | 00000006 | 00000ffb |
    97 | 00000000 | ldc 0          | 0000000e | 00000002 | 00000006 | 00000ffb |
    98 | 00000303 | stl 3          | 0000000f | 00000000 | 00000002 | 00000ffb |
    99 | 00000102 | ldl 1          | 00000010 | 00000002 | 00000002 | 00000ffb |
   100 | 00000403 | stl 4          | 00000011 | 00000004 | 00000002 | 00000ffb |
   101 | 00000402 | ldl 4          | 00000012 | 00000002 | 00000002 | 00000ffb |
   102 | 0000080f | brz 8          | 00000013 | 00000004 | 00000002 | 00000ffb |
   103 | 00000002 | ldl 0          | 00000014 | 00000004 | 00000002 | 00000ffb |
   104 | 00000302 | ldl 3          | 00000015 | 00000006 | 00000004 | 00000ffb |
   105 | 00000006 | add            | 00000016 | 00000000 | 00000006 | 00000ffb |
   106 | 00000303 | stl 3          | 00000017 | 00000006 | 00000006 | 00000ffb |
   107 | 00000402 | ldl 4          | 00000018 | 00000006 | 00000006 | 00000ffb |
   108 | ffffff01 | adc -1         | 00000019 | 00000004 | 00000006 | 00000ffb |
   109 | 00000403 | stl 4          | 0000001a | 00000003 | 00000006 | 00000ffb |
   110 | fffff611 | br -10         | 0000001b | 00000006 | 00000006 | 00000ffb |
   111 | 00000402 | ldl 4          | 00000012 | 00000006 | 00000006 | 00000ffb |
   112 | 0000080f | brz 8          | 00000013 | 00000003 | 00000006 | 00000ffb |
   113 | 00000002 | ldl 0          | 00000014 | 00000003 | 00000006 | 00000ffb |
   114 | 00000302 | ldl 3          | 00000015 | 00000006 | 00000003 | 00000ffb |
   115 | 00000006 | add            | 00000016 | 00000006 | 00000006 | 00000ffb |
   116 | 00000303 | stl 3          | 00000017 | 0000000c | 00000006 | 00000ffb |
   117 | 00000402 | ldl 4          | 00000018 | 00000006 | 00000006 | 00000ffb |
   118 | ffffff01 | adc -1         | 00000019 | 00000003 | 00000006 | 00000ffb |
   119 | 00000403 | stl 4          | 0000001a | 00000002 | 00000006 | 00000ffb |
   120 | fffff611 | br -10         | 0000001b | 00000006 | 00000006 | 00000ffb |
   121 | 00000402 | ldl 4          | 00000012 | 00000006 | 00000006 | 00000ffb |
   122 | 0000080f | brz 8          | 00000013 | 00000002 | 00000006 | 00000ffb |
   123 | 00000002 | ldl 0          | 00000014 | 00000002 | 00000006 | 00000ffb |
   124 | 00000302 | ldl 3          | 00000015 | 00000006 | 00000002 | 00000ffb |
   125 | 00000006 | add            | 00000016 | 0000000c | 00000006 | 00000ffb |
   126 | 00000303 | stl 3          | 00000017 | 00000012 | 00000006 | 00000ffb |
   127 | 00000402 | ldl 4          | 00000018 | 00000006 | 00000006 | 00000ffb |
   128 | ffffff01 | adc -1         | 00000019 | 00000002 | 00000006 | 00000ffb |
   129 | 00000403 | stl 4          | 0000001a | 00000001 | 00000006 | 00000ffb |
   130 | fffff611 | br -10         | 0000001b | 00000006 | 00000006 | 00000ffb |
   131 | 00000402 | ldl 4          | 00000012 | 00000006 | 00000006 | 00000ffb |
   132 | 0000080f | brz 8          | 00000013 | 00000001 | 00000006 | 00000ffb |
   133 | 00000002 | ldl 0          | 00000014 | 00000001 | 00000006 | 00000ffb |
   134 | 00000302 | ldl 3          | 00000015 | 00000006 | 00000001 | 00000ffb |
   135 | 00000006 | add            | 00000016 | 00000012 | 00000006 | 00000ffb |
   136 | 00000303 | stl 3          | 00000017 | 00000018 | 00000006 | 00000ffb |
   137 | 00000402 | ldl 4          | 00000018 | 00000006 | 00000006 | 00000ffb |
   138 | ffffff01 | adc -1         | 00000019 | 00000001 | 00000006 | 00000ffb |
   139 | 00000403 | stl 4          | 0000001a | 00000000 | 00000006 | 00000ffb |
   140 | fffff611 | br -10         | 0000001b | 00000006 | 00000006 | 00000ffb |
   141 | 00000402 | ldl 4          | 00000012 | 00000006 | 00000006 | 00000ffb |
   142 | 0000080f | brz 8          | 00000013 | 00000000 | 00000006 | 00000ffb |
   143 | 00000302 | ldl 3          | 0000001c | 00000000 | 00000006 | 00000ffb |
   144 | 00000003 | stl 0          | 0000001d | 00000018 | 00000000 | 00000ffb |
   145 | 00000102 | ldl 1          | 0000001e | 00000000 | 00000000 | 00000ffb |
   146 | 00000101 | adc 1          | 0000001f | 00000004 | 00000000 | 00000ffb |
   147 | 00000103 | stl 1          | 00000020 | 00000005 | 00000000 | 00000ffb |
   148 | ffffe811 | br -24         | 00000021 | 00000000 | 00000000 | 00000ffb |
   149 | 00000202 | ldl 2          | 0000000a | 00000000 | 00000000 | 00000ffb |
   150 | 00000102 | ldl 1          | 0000000b | 00000006 | 00000000 | 00000ffb |
   151 | 00000007 | sub            | 0000000c | 00000005 | 00000006 | 00000ffb |
   152 | 00001410 | brlz 20        | 0000000d | 00000001 | 00000006 | 00000ffb |
   153 | 00000000 | ldc 0          | 0000000e | 00000001 | 00000006 | 00000ffb |
   154 | 00000303 | stl 3          | 0000000f | 00000000 | 00000001 | 00000ffb |
   155 | 00000102 | ldl 1          | 00000010 | 00000001 | 00000001 | 00000ffb |
   156 | 00000403 | stl 4          | 00000011 | 00000005 | 00000001 | 00000ffb |
   157 | 00000402 | ldl 4          | 00000012 | 00000001 | 00000001 | 00000ffb |
   158 | 0000080f | brz 8          | 00000013 | 00000005 | 00000001 | 00000ffb |
   159 | 00000002 | ldl 0          | 00000014 | 00000005 | 00000001 | 00000ffb |
   160 | 00000302 | ldl 3          | 00000015 | 00000018 | 00000005 | 00000ffb |
   161 | 00000006 | add            | 00000016 | 00000000 | 00000018 | 00000ffb |
   162 | 00000303 | stl 3          | 00000017 | 00000018 | 00000018 | 00000ffb |
   163 | 00000402 | ldl 4          | 00000018 | 00000018 | 00000018 | 00000ffb |
   164 | ffffff01 | adc -1         | 00000019 | 00000005 | 00000018 | 00000ffb |
   165 | 00000403 | stl 4          | 0000001a | 00000004 | 00000018 | 00000ffb |
   166 | fffff611 | br -10         | 0000001b | 00000018 | 00000018 | 00000ffb |
   167 | 00000402 | ldl 4          | 00000012 | 00000018 | 00000018 | 00000ffb |
   168 | 0000080f | brz 8          | 00000013 | 00000004 | 00000018 | 00000ffb |
   169 | 00000002 | ldl 0          | 00000014 | 00000004 | 00000018 | 00000ffb |
   170 | 00000302 | ldl 3          | 00000015 | 00000018 | 00000004 | 00000ffb |
   171 | 00000006 | add            | 00000016 | 00000018 | 00000018 | 00000ffb |
   172 | 00000303 | stl 3          | 00000017 | 00000030 | 00000018 | 00000ffb |
   173 | 00000402 | ldl 4          | 00000018 | 00000018 | 00000018 | 00000ffb |
   174 | ffffff01 | adc -1         | 00000019 | 00000004 | 00000018 | 00000ffb |
   175 | 00000403 | stl 4          | 0000001a | 00000003 | 00000018 | 00000ffb |
   176 | fffff611 | br -10         | 0000001b | 00000018 | 00000018 | 00000ffb |
   177 | 00000402 | ldl 4          | 00000012 | 00000018 | 00000018 | 00000ffb |
   178 | 0000080f | brz 8          | 00000013 | 00000003 | 00000018 | 00000ffb |
   179 | 00000002 | ldl 0          | 00000014 | 00000003 | 00000018 | 00000ffb |
   180 | 00000302 | ldl 3          | 00000015 | 00000018 | 00000003 | 00000ffb |
   181 | 00000006 | add            | 00000016 | 00000030 | 00000018 | 00000ffb |
   182 | 00000303 | stl 3          | 00000017 | 00000048 | 00000018 | 00000ffb |
   183 | 00000402 | ldl 4          | 00000018 | 00000018 | 00000018 | 00000ffb |
   184 | ffffff01 | adc -1         | 00000019 | 00000003 | 00000018 | 00000ffb |
   185 | 00000403 | stl 4          | 0000001a | 00000002 | 00000018 | 00000ffb |
   186 | fffff611 | br -10         | 0000001b | 00000018 | 00000018 | 00000ffb |
   187 | 00000402 | ldl 4          | 00000012 | 00000018 | 00000018 | 00000ffb |
   188 | 0000080f | brz 8          | 00000013 | 00000002 | 00000018 | 00000ffb |
   189 | 00000002 | ldl 0          | 00000014 | 00000002 | 00000018 | 00000ffb |
   190 | 00000302 | ldl 3          | 00000015 | 00000018 | 00000002 | 00000ffb |
   191 | 00000006 | add            | 00000016 | 00000048 | 00000018 | 00000ffb |
   192 | 00000303 | stl 3          | 00000017 | 00000060 | 00000018 | 00000ffb |
   193 | 00000402 | ldl 4          | 00000018 | 00000018 | 00000018 | 00000ffb |
   194 | ffffff01 | adc -1         | 00000019 | 00000002 | 00000018 | 00000ffb |
   195 | 00000403 | stl 4          | 0000001a | 00000001 | 00000018 | 00000ffb |
   196 | fffff611 | br -10         | 0000001b | 00000018 | 00000018 | 00000ffb |
   197 | 00000402 | ldl 4          | 00000012 | 00000018 | 00000018 | 00000ffb |
   198 | 0000080f | brz 8          | 00000013 | 00000001 | 00000018 | 00000ffb |
   199 | 00000002 | ldl 0          | 00000014 | 00000001 | 00000018 | 00000ffb |
   200 | 00000302 | ldl 3          | 00000015 | 00000018 | 00000001 | 00000ffb |
   201 | 00000006 | add            | 00000016 | 00000060 | 00000018 | 00000ffb |
   202 | 00000303 | stl 3          | 00000017 | 00000078 | 00000018 | 00000ffb |
   203 | 00000402 | ldl 4          | 00000018 | 00000018 | 00000018 | 00000ffb |
   204 | ffffff01 | adc -1         | 00000019 | 00000001 | 00000018 | 00000ffb |
   205 | 00000403 | stl 4          | 0000001a | 00000000 | 00000018 | 00000ffb |
   206 | fffff611 | br -10         | 0000001b | 00000018 | 00000018 | 00000ffb |
   207 | 00000402 | ldl 4          | 00000012 | 00000018 | 00000018 | 00000ffb |
   208 | 0000080f | brz 8          | 00000013 | 00000000 | 00000018 | 00000ffb |
   209 | 00000302 | ldl 3          | 0000001c | 00000000 | 00000018 | 00000ffb |
   210 | 00000003 | stl 0          | 0000001d | 00000078 | 00000000 | 00000ffb |
   211 | 00000102 | ldl 1          | 0000001e | 00000000 | 00000000 | 00000ffb |
   212 | 00000101 | adc 1          | 0000001f | 00000005 | 00000000 | 00000ffb |
   213 | 00000103 | stl 1          | 00000020 | 00000006 | 00000000 | 00000ffb |
   214 | ffffe811 | br -24         | 00000021 | 00000000 | 00000000 | 00000ffb |
   215 | 00000202 | ldl 2          | 0000000a | 00000000 | 00000000 | 00000ffb |
   216 | 00000102 | ldl 1          | 0000000b | 00000006 | 00000000 | 00000ffb |
   217 | 00000007 | sub            | 0000000c | 00000006 | 00000006 | 00000ffb |
   218 | 00001410 | brlz 20        | 0000000d | 00000000 | 00000006 | 00000ffb |
   219 | 00000000 | ldc 0          | 0000000e | 00000000 | 00000006 | 00000ffb |
   220 | 00000303 | stl 3          | 0000000f | 00000000 | 00000000 | 00000ffb |
   221 | 00000102 | ldl 1          | 00000010 | 00000000 | 00000000 | 00000ffb |
   222 | 00000403 | stl 4          | 00000011 | 00000006 | 00000000 | 00000ffb |
   223 | 00000402 | ldl 4          | 00000012 | 00000000 | 00000000 | 00000ffb |
   224 | 0000080f | brz 8          | 00000013 | 00000006 | 00000000 | 00000ffb |
   225 | 00000002 | ldl 0          | 00000014 | 00000006 | 00000000 | 00000ffb |
   226 | 00000302 | ldl 3          | 00000015 | 00000078 | 00000006 | 00000ffb |
   227 | 00000006 | add            | 00000016 | 00000000 | 00000078 | 00000ffb |
   228 | 00000303 | stl 3          | 00000017 | 00000078 | 00000078 | 00000ffb |
   229 | 00000402 | ldl 4          | 00000018 | 00000078 | 00000078 | 00000ffb |
   230 | ffffff01 | adc -1         | 00000019 | 00000006 | 00000078 | 00000ffb |
   231 | 00000403 | stl 4          | 0000001a | 00000005 | 00000078 | 00000ffb |
   232 | fffff611 | br -10         | 0000001b | 00000078 | 00000078 | 00000ffb |
   233 | 00000402 | ldl 4          | 00000012 | 00000078 | 00000078 | 00000ffb |
   234 | 0000080f | brz 8          | 00000013 | 00000005 | 00000078 | 00000ffb |
   235 | 00000002 | ldl 0          | 00000014 | 00000005 | 00000078 | 00000ffb |
   236 | 00000302 | ldl 3          | 00000015 | 00000078 | 00000005 | 00000ffb |
   237 | 00000006 | add            | 00000016 | 00000078 | 00000078 | 00000ffb |
   238 | 00000303 | stl 3          | 00000017 | 000000f0 | 00000078 | 00000ffb |
   239 | 00000402 | ldl 4          | 00000018 | 00000078 | 00000078 | 00000ffb |
   240 | ffffff01 | adc -1         | 00000019 | 00000005 | 00000078 | 00000ffb |
   241 | 00000403 | stl 4          | 0000001a | 00000004 | 00000078 | 00000ffb |
   242 | fffff611 | br -10         | 0000001b | 00000078 | 00000078 | 00000ffb |
   243 | 00000402 | ldl 4          | 00000012 | 00000078 | 00000078 | 00000ffb |
   244 | 0000080f | brz 8          | 00000013 | 00000004 | 00000078 | 00000ffb |
   245 | 00000002 | ldl 0          | 00000014 | 00000004 | 00000078 | 00000ffb |
   246 | 00000302 | ldl 3          | 00000015 | 00000078 | 00000004 | 00000ffb |
   247 | 00000006 | add            | 00000016 | 000000f0 | 00000078 | 00000ffb |
   248 | 00000303 | stl 3          | 00000017 | 00000168 | 00000078 | 00000ffb |
   249 | 00000402 | ldl 4          | 00000018 | 00000078 | 00000078 | 00000ffb |
   250 | ffffff01 | adc -1         | 00000019 | 00000004 | 00000078 | 00000ffb |
   251 | 00000403 | stl 4          | 0000001a | 00000003 | 00000078 | 00000ffb |
   252 | fffff611 | br -10         | 0000001b | 00000078 | 00000078 | 00000ffb |
   253 | 00000402 | ldl 4          | 00000012 | 00000078 | 00000078 | 00000ffb |
   254 | 0000080f | brz 8          | 00000013 | 00000003 | 00000078 | 00000ffb |
   255 | 00000002 | ldl 0          | 00000014 | 00000003 | 00000078 | 00000ffb |
   256 | 00000302 | ldl 3          | 00000015 | 00000078 | 00000003 | 00000ffb |
   257 | 00000006 | add            | 00000016 | 00000168 | 00000078 | 00000ffb |
   258 | 00000303 | stl 3          | 00000017 | 000001e0 | 00000078 | 00000ffb |
   259 | 00000402 | ldl 4          | 00000018 | 00000078 | 00000078 | 00000ffb |
   260 | ffffff01 | adc -1         | 00000019 | 00000003 | 00000078 | 00000ffb |
   261 | 00000403 | stl 4          | 0000001a | 00000002 | 00000078 | 00000ffb |
   262 | fffff611 | br -10         | 0000001b | 00000078 | 00000078 | 00000ffb |
   263 | 00000402 | ldl 4          | 00000012 | 00000078 | 00000078 | 00000ffb |
   264 | 0000080f | brz 8          | 00000013 | 00000002 | 00000078 | 00000ffb |
   265 | 00000002 | ldl 0          | 00000014 | 00000002 | 00000078 | 00000ffb |
   266 | 00000302 | ldl 3          | 00000015 | 00000078 | 00000002 | 00000ffb |
   267 | 00000006 | add            | 00000016 | 000001e0 | 00000078 | 00000ffb |
   268 | 00000303 | stl 3          | 00000017 | 00000258 | 00000078 | 00000ffb |
   269 | 00000402 | ldl 4          | 00000018 | 00000078 | 00000078 | 00000ffb |
   270 | ffffff01 | adc -1         | 00000019 | 00000002 | 00000078 | 00000ffb |
   271 | 00000403 | stl 4          | 0000001a | 00000001 | 00000078 | 00000ffb |
   272 | fffff611 | br -10         | 0000001b | 00000078 | 00000078 | 00000ffb |
   273 | 00000402 | ldl 4          | 00000012 | 00000078 | 00000078 | 00000ffb |
   274 | 0000080f | brz 8          | 00000013 | 00000001 | 00000078 | 00000ffb |
   275 | 00000002 | ldl 0          | 00000014 | 00000001 | 00000078 | 00000ffb |
   276 | 00000302 | ldl 3          | 00000015 | 00000078 | 00000001 | 00000ffb |
   277 | 00000006 | add            | 00000016 | 00000258 | 00000078 | 00000ffb |
   278 | 00000303 | stl 3          | 00000017 | 000002d0 | 00000078 | 00000ffb |
   279 | 00000402 | ldl 4          | 00000018 | 00000078 | 00000078 | 00000ffb |
   280 | ffffff01 | adc -1         | 00000019 | 00000001 | 00000078 | 00000ffb |
   281 | 00000403 | stl 4          | 0000001a | 00000000 | 00000078 | 00000ffb |
   282 | fffff611 | br -10         | 0000001b | 00000078 | 00000078 | 00000ffb |
   283 | 00000402 | ldl 4          | 00000012 | 00000078 | 00000078 | 00000ffb |
   284 | 0000080f | brz 8          | 00000013 | 00000000 | 00000078 | 00000ffb |
   285 | 00000302 | ldl 3          | 0000001c | 00000000 | 00000078 | 00000ffb |
   286 | 00000003 | stl 0          | 0000001d | 000002d0 | 00000000 | 00000ffb |
   287 | 00000102 | ldl 1          | 0000001e | 00000000 | 00000000 | 00000ffb |
   288 | 00000101 | adc 1          | 0000001f | 00000006 | 00000000 | 00000ffb |
   289 | 00000103 | stl 1          | 00000020 | 00000007 | 00000000 | 00000ffb |
   290 | ffffe811 | br -24         | 00000021 | 00000000 | 00000000 | 00000ffb |
   291 | 00000202 | ldl 2          | 0000000a | 00000000 | 00000000 | 00000ffb |
   292 | 00000102 | ldl 1          | 0000000b | 00000006 | 00000000 | 00000ffb |
   293 | 00000007 | sub            | 0000000c | 00000007 | 00000006 | 00000ffb |
   294 | 00001410 | brlz 20        | 0000000d | ffffffff | 00000006 | 00000ffb |
   295 | 00000002 | ldl 0          | 00000022 | ffffffff | 00000006 | 00000ffb |
   296 | 00002700 | ldc 39         | 00000023 | 000002d0 | ffffffff | 00000ffb |
   297 | 00000005 | stnl 0         | 00000024 | 00000027 | 000002d0 | 00000ffb |
   297 | 00000012 | HALT           | 00000025 | 00000027 | 000002d0 | 00000ffb |

HALT reached.
